2023-05-03 21:05:02 info: tempDirectory:c:\Users\Lenovo\.vscode\extensions\embold-vscode.embold-0.1.4\temp
2023-05-03 21:05:02 info: Extraction complete for source: c:\Users\Lenovo\.vscode\extensions\embold-vscode.embold-0.1.4\resources\embold-scanner-archive.zip, destination: c:\Users\Lenovo\.vscode\extensions\embold-vscode.embold-0.1.4\temp
2023-05-03 21:05:02 info: Congratulations, your extension "Embold" is now active!
2023-05-03 21:12:18 info: file:///c%3A/Users/Lenovo/Desktop/projects/PhoneBook/Phone-Book-Managment/.git/index.lock
2023-05-03 21:12:18 error: SQLITE_ERROR: no such table: issues
2023-05-03 21:12:45 info: file:///c%3A/Users/Lenovo/Desktop/projects/PhoneBook/Phone-Book-Managment/.git/index.lock
2023-05-03 21:12:45 error: SQLITE_ERROR: no such table: issues
2023-05-03 21:37:13 info: file:///c%3A/Users/Lenovo/Desktop/projects/PhoneBook/Phone-Book-Managment/AbstractBase.java
2023-05-03 21:37:13 error: SQLITE_ERROR: no such table: issues
2023-05-03 21:40:53 info: file:///c%3A/Users/Lenovo/Desktop/projects/PhoneBook/Phone-Book-Managment/.git/index.lock
2023-05-03 21:40:53 error: SQLITE_ERROR: no such table: issues
2023-05-03 21:41:54 info: file:///c%3A/Users/Lenovo/Desktop/projects/PhoneBook/Phone-Book-Managment/.git/index.lock
2023-05-03 21:41:54 error: SQLITE_ERROR: no such table: issues
2023-05-03 21:42:29 info: file:///c%3A/Users/Lenovo/Desktop/projects/PhoneBook/Phone-Book-Managment/.git/index.lock
2023-05-03 21:42:29 error: SQLITE_ERROR: no such table: issues
2023-05-03 21:42:36 info: file:///c%3A/Users/Lenovo/Desktop/projects/PhoneBook/Phone-Book-Managment/.git/index.lock
2023-05-03 21:42:36 error: SQLITE_ERROR: no such table: issues
2023-05-03 21:42:56 info: file:///c%3A/Users/Lenovo/Desktop/projects/PhoneBook/Phone-Book-Managment/.git/4913
2023-05-03 21:42:56 info: file:///c%3A/Users/Lenovo/Desktop/projects/PhoneBook/Phone-Book-Managment/.git/.COMMIT_EDITMSG.swp
2023-05-03 21:42:56 error: SQLITE_ERROR: no such table: issues
2023-05-03 21:42:56 error: SQLITE_ERROR: no such table: issues
2023-05-03 21:43:12 info: file:///c%3A/Users/Lenovo/Desktop/projects/PhoneBook/Phone-Book-Managment/.git/index.lock
2023-05-03 21:43:12 error: SQLITE_ERROR: no such table: issues
2023-05-03 22:02:58 info: file:///c%3A/Users/Lenovo/Desktop/projects/PhoneBook/Phone-Book-Managment/.git/index.lock
2023-05-03 22:02:58 error: SQLITE_ERROR: no such table: issues
2023-05-03 22:07:03 info: file:///c%3A/Users/Lenovo/Desktop/projects/PhoneBook/Phone-Book-Managment/csvReader.java
2023-05-03 22:07:03 info: file:///c%3A/Users/Lenovo/Desktop/projects/PhoneBook/Phone-Book-Managment/csvReader.java
2023-05-03 22:07:03 error: SQLITE_ERROR: no such table: issues
2023-05-03 22:07:03 error: SQLITE_ERROR: no such table: issues
2023-05-03 22:11:25 info: file:///c%3A/Users/Lenovo/Desktop/projects/PhoneBook/Phone-Book-Managment/addresses.csv
2023-05-03 22:11:25 error: SQLITE_ERROR: no such table: issues
2023-05-03 22:13:11 info: file:///c%3A/Users/Lenovo/Desktop/projects/PhoneBook/Phone-Book-Managment/CSVReader.class
2023-05-03 22:13:11 error: SQLITE_ERROR: no such table: issues
2023-05-04 14:07:24 info: tempDirectory:c:\Users\Lenovo\.vscode\extensions\embold-vscode.embold-0.1.4\temp
2023-05-04 14:07:24 info: Extraction complete for source: c:\Users\Lenovo\.vscode\extensions\embold-vscode.embold-0.1.4\resources\embold-scanner-archive.zip, destination: c:\Users\Lenovo\.vscode\extensions\embold-vscode.embold-0.1.4\temp
2023-05-04 14:07:24 info: Congratulations, your extension "Embold" is now active!
2023-05-04 14:07:59 info: file:///c%3A/Users/Lenovo/Desktop/projects/PhoneBook/Phone-Book-Managment/ContactNode.java
2023-05-04 14:08:00 error: SQLITE_ERROR: no such table: issues
2023-05-04 14:08:00 info: file:///c%3A/Users/Lenovo/Desktop/projects/PhoneBook/Phone-Book-Managment/TreeAbstractClass.java
2023-05-04 14:08:00 info: file:///c%3A/Users/Lenovo/Desktop/projects/PhoneBook/Phone-Book-Managment/IContactNodeOperations.java
2023-05-04 14:08:00 error: SQLITE_ERROR: no such table: issues
2023-05-04 14:08:00 error: SQLITE_ERROR: no such table: issues
2023-05-04 14:08:08 info: file:///c%3A/Users/Lenovo/Desktop/projects/PhoneBook/Phone-Book-Managment/ContactNode.class
2023-05-04 14:08:08 error: SQLITE_ERROR: no such table: issues
2023-05-04 14:08:12 info: file:///c%3A/Users/Lenovo/Desktop/projects/PhoneBook/Phone-Book-Managment/CSVReader.class
2023-05-04 14:08:12 error: SQLITE_ERROR: no such table: issues
2023-05-04 14:08:18 info: file:///c%3A/Users/Lenovo/Desktop/projects/PhoneBook/Phone-Book-Managment/addresses.csv
2023-05-04 14:08:18 error: SQLITE_ERROR: no such table: issues
